<?xml version="1.0" encoding="UTF-8"?>
<testng-results ignored="0" total="1" passed="1" failed="0" skipped="0">
  <reporter-output>
  </reporter-output>
  <suite started-at="2026-05-22T12:37:58 IST" name="Default suite" finished-at="2026-05-22T12:38:13 IST" duration-ms="15073">
    <groups>
    </groups>
    <test started-at="2026-05-22T12:37:58 IST" name="Default test" finished-at="2026-05-22T12:38:13 IST" duration-ms="15073">
      <class name="project.project.SampleTest">
        <test-method is-config="true" signature="beforeTest()[pri:0, instance:project.project.SampleTest@6f03482]" started-at="2026-05-22T12:37:58 IST" name="beforeTest" finished-at="2026-05-22T12:38:00 IST" duration-ms="2228" status="PASS">
          <reporter-output>
          </reporter-output>
        </test-method> <!-- beforeTest -->
        <test-method signature="Noukari()[pri:0, instance:project.project.SampleTest@6f03482]" started-at="2026-05-22T12:38:00 IST" name="Noukari" finished-at="2026-05-22T12:38:13 IST" duration-ms="12778" status="PASS">
          <reporter-output>
          </reporter-output>
        </test-method> <!-- Noukari -->
      </class> <!-- project.project.SampleTest -->
    </test> <!-- Default test -->
  </suite> <!-- Default suite -->
</testng-results>
